0 info it worked if it ends with ok
1 verbose cli [ 'F:\\nodejs_install\\node.exe',
1 verbose cli   'F:\\nodejs_install\\node_modules\\npm\\bin\\npm-cli.js',
1 verbose cli   'publish' ]
2 info using npm@4.1.2
3 info using node@v7.5.0
4 verbose publish [ '.' ]
5 silly cache add args [ '.', null ]
6 verbose cache add spec .
7 silly cache add parsed spec Result {
7 silly cache add   raw: '.',
7 silly cache add   scope: null,
7 silly cache add   escapedName: null,
7 silly cache add   name: null,
7 silly cache add   rawSpec: '.',
7 silly cache add   spec: 'F:\\github\\push-sdk',
7 silly cache add   type: 'directory' }
8 verbose addLocalDirectory C:\Users\Administrator\AppData\Roaming\npm-cache\nativescript-jpush\1.0.0\package.tgz not in flight; packing
9 verbose correctMkdir C:\Users\Administrator\AppData\Roaming\npm-cache correctMkdir not in flight; initializing
10 info lifecycle nativescript-jpush@1.0.0~prepublish: nativescript-jpush@1.0.0
11 silly lifecycle nativescript-jpush@1.0.0~prepublish: no script for prepublish, continuing
12 info lifecycle nativescript-jpush@1.0.0~prepare: nativescript-jpush@1.0.0
13 silly lifecycle nativescript-jpush@1.0.0~prepare: no script for prepare, continuing
14 verbose tar pack [ 'C:\\Users\\Administrator\\AppData\\Roaming\\npm-cache\\nativescript-jpush\\1.0.0\\package.tgz',
14 verbose tar pack   'F:\\github\\push-sdk' ]
15 verbose tarball C:\Users\Administrator\AppData\Roaming\npm-cache\nativescript-jpush\1.0.0\package.tgz
16 verbose folder F:\github\push-sdk
17 verbose addLocalTarball adding from inside cache C:\Users\Administrator\AppData\Roaming\npm-cache\nativescript-jpush\1.0.0\package.tgz
18 verbose correctMkdir C:\Users\Administrator\AppData\Roaming\npm-cache correctMkdir not in flight; initializing
19 silly cache afterAdd nativescript-jpush@1.0.0
20 verbose afterAdd C:\Users\Administrator\AppData\Roaming\npm-cache\nativescript-jpush\1.0.0\package\package.json not in flight; writing
21 verbose correctMkdir C:\Users\Administrator\AppData\Roaming\npm-cache correctMkdir not in flight; initializing
22 verbose afterAdd C:\Users\Administrator\AppData\Roaming\npm-cache\nativescript-jpush\1.0.0\package\package.json written
23 silly publish { name: 'nativescript-jpush',
23 silly publish   version: '1.0.0',
23 silly publish   main: 'index.js',
23 silly publish   nativescript: { platforms: { android: '2.5.0' } },
23 silly publish   description: 'a plugin for jiguang push built by yilei',
23 silly publish   scripts: { test: 'echo "Error: no test specified" && exit 1' },
23 silly publish   keywords: [ 'jpush' ],
23 silly publish   author: { name: 'yilei' },
23 silly publish   license: 'ISC',
23 silly publish   repository:
23 silly publish    { type: 'git',
23 silly publish      url: 'git+https://github.com/five-lei/jpush-sdk.git' },
23 silly publish   bugs: { url: 'https://github.com/five-lei/jpush-sdk/issues' },
23 silly publish   homepage: 'https://github.com/five-lei/jpush-sdk#readme',
23 silly publish   gitHead: '0ff270002da868ccc9099da4cab0542b3fb7a0fe',
23 silly publish   readme: 'ERROR: No README data found!',
23 silly publish   _id: 'nativescript-jpush@1.0.0',
23 silly publish   _shasum: '2d4f3a5ab70ac8cfa29d5d72de3f9b585dd6197a',
23 silly publish   _from: '.' }
24 info lifecycle nativescript-jpush@1.0.0~prepublishOnly: nativescript-jpush@1.0.0
25 silly lifecycle nativescript-jpush@1.0.0~prepublishOnly: no script for prepublishOnly, continuing
26 verbose getPublishConfig undefined
27 silly mapToRegistry name nativescript-jpush
28 silly mapToRegistry using default registry
29 silly mapToRegistry registry https://registry.npmjs.org/
30 silly mapToRegistry data Result {
30 silly mapToRegistry   raw: 'nativescript-jpush',
30 silly mapToRegistry   scope: null,
30 silly mapToRegistry   escapedName: 'nativescript-jpush',
30 silly mapToRegistry   name: 'nativescript-jpush',
30 silly mapToRegistry   rawSpec: '',
30 silly mapToRegistry   spec: 'latest',
30 silly mapToRegistry   type: 'tag' }
31 silly mapToRegistry uri https://registry.npmjs.org/nativescript-jpush
32 verbose publish registryBase https://registry.npmjs.org/
33 silly publish uploading C:\Users\Administrator\AppData\Roaming\npm-cache\nativescript-jpush\1.0.0\package.tgz
34 verbose request uri https://registry.npmjs.org/nativescript-jpush
35 verbose request sending authorization for write operation
36 info attempt registry request try #1 at 14:27:41
37 verbose request using bearer token for auth
38 verbose request id 9ad0b59aeab0c299
39 http request PUT https://registry.npmjs.org/nativescript-jpush
40 http 403 https://registry.npmjs.org/nativescript-jpush
41 verbose headers { 'content-type': 'application/json',
41 verbose headers   'cache-control': 'max-age=300',
41 verbose headers   'content-length': '112',
41 verbose headers   'accept-ranges': 'bytes',
41 verbose headers   date: 'Fri, 26 May 2017 06:28:01 GMT',
41 verbose headers   via: '1.1 varnish',
41 verbose headers   connection: 'keep-alive',
41 verbose headers   'x-served-by': 'cache-nrt6123-NRT',
41 verbose headers   'x-cache': 'MISS',
41 verbose headers   'x-cache-hits': '0',
41 verbose headers   'x-timer': 'S1495780068.647292,VS0,VE13394',
41 verbose headers   vary: 'Accept-Encoding' }
42 verbose request invalidating C:\Users\Administrator\AppData\Roaming\npm-cache\registry.npmjs.org\nativescript-jpush on PUT
43 error publish Failed PUT 403
44 verbose stack Error: you do not have permission to publish "nativescript-jpush". Are you logged in as the correct user? : nativescript-jpush
44 verbose stack     at makeError (F:\nodejs_install\node_modules\npm\node_modules\npm-registry-client\lib\request.js:304:12)
44 verbose stack     at CachingRegistryClient.<anonymous> (F:\nodejs_install\node_modules\npm\node_modules\npm-registry-client\lib\request.js:292:14)
44 verbose stack     at Request._callback (F:\nodejs_install\node_modules\npm\node_modules\npm-registry-client\lib\request.js:212:14)
44 verbose stack     at Request.self.callback (F:\nodejs_install\node_modules\npm\node_modules\request\request.js:186:22)
44 verbose stack     at emitTwo (events.js:106:13)
44 verbose stack     at Request.emit (events.js:192:7)
44 verbose stack     at Request.<anonymous> (F:\nodejs_install\node_modules\npm\node_modules\request\request.js:1081:10)
44 verbose stack     at emitOne (events.js:96:13)
44 verbose stack     at Request.emit (events.js:189:7)
44 verbose stack     at IncomingMessage.<anonymous> (F:\nodejs_install\node_modules\npm\node_modules\request\request.js:1001:12)
45 verbose statusCode 403
46 verbose pkgid nativescript-jpush
47 verbose cwd F:\github\push-sdk
48 error Windows_NT 6.1.7601
49 error argv "F:\\nodejs_install\\node.exe" "F:\\nodejs_install\\node_modules\\npm\\bin\\npm-cli.js" "publish"
50 error node v7.5.0
51 error npm  v4.1.2
52 error code E403
53 error you do not have permission to publish "nativescript-jpush". Are you logged in as the correct user? : nativescript-jpush
54 error If you need help, you may report this error at:
54 error     <https://github.com/npm/npm/issues>
55 verbose exit [ 1, true ]
